# JRE version: Java(TM) SE Runtime Environment 18.9 (11.0.12+8) (build 11.0.12+8-LTS-237)
# Java VM: Java HotSpot(TM) 64-Bit Server VM 18.9 (11.0.12+8-LTS-237, mixed mode, tiered, compressed oops, g1 gc, windows-amd64)
Heap:
 garbage-first heap   total 131072K, used 71465K [0x0000000081e00000, 0x0000000100000000)
  region size 1024K, 19 young (19456K), 6 survivors (6144K)
 Metaspace       used 62433K, capacity 63067K, committed 63308K, reserved 1105920K
  class space    used 7094K, capacity 7379K, committed 7500K, reserved 1048576K
GC Heap History (10 events):
Event: 10.306 GC heap before
{Heap before GC invocations=6 (full 0):
 garbage-first heap   total 131072K, used 76204K [0x0000000081e00000, 0x0000000100000000)
  region size 1024K, 41 young (41984K), 2 survivors (2048K)
 Metaspace       used 42356K, capacity 42871K, committed 43136K, reserved 1087488K
  class space    used 4987K, capacity 5200K, committed 5248K, reserved 1048576K
}
Event: 10.311 GC heap after
{Heap after GC invocations=7 (full 0):
 garbage-first heap   total 131072K, used 37244K [0x0000000081e00000, 0x0000000100000000)
  region size 1024K, 5 young (5120K), 5 survivors (5120K)
 Metaspace       used 42356K, capacity 42871K, committed 43136K, reserved 1087488K
  class space    used 4987K, capacity 5200K, committed 5248K, reserved 1048576K
}
Event: 11.811 GC heap before
{Heap before GC invocations=7 (full 0):
 garbage-first heap   total 131072K, used 81276K [0x0000000081e00000, 0x0000000100000000)
  region size 1024K, 46 young (47104K), 5 survivors (5120K)
 Metaspace       used 50271K, capacity 50788K, committed 50944K, reserved 1093632K
  class space    used 5852K, capacity 6089K, committed 6144K, reserved 1048576K
}
Event: 11.820 GC heap after
{Heap after GC invocations=8 (full 0):
 garbage-first heap   total 131072K, used 44989K [0x0000000081e00000, 0x0000000100000000)
  region size 1024K, 6 young (6144K), 6 survivors (6144K)
 Metaspace       used 50271K, capacity 50788K, committed 50944K, reserved 1093632K
  class space    used 5852K, capacity 6089K, committed 6144K, reserved 1048576K
}
Event: 12.571 GC heap before
{Heap before GC invocations=8 (full 0):
 garbage-first heap   total 131072K, used 86973K [0x0000000081e00000, 0x0000000100000000)
  region size 1024K, 46 young (47104K), 6 survivors (6144K)
 Metaspace       used 52845K, capacity 53462K, committed 53760K, reserved 1097728K
  class space    used 6064K, capacity 6320K, committed 6400K, reserved 1048576K
}
Event: 12.582 GC heap after
{Heap after GC invocations=9 (full 0):
 garbage-first heap   total 131072K, used 50846K [0x0000000081e00000, 0x0000000100000000)
  region size 1024K, 6 young (6144K), 6 survivors (6144K)
 Metaspace       used 52845K, capacity 53462K, committed 53760K, reserved 1097728K
  class space    used 6064K, capacity 6320K, committed 6400K, reserved 1048576K
}
Event: 14.108 GC heap before
{Heap before GC invocations=9 (full 0):
 garbage-first heap   total 131072K, used 90782K [0x0000000081e00000, 0x0000000100000000)
  region size 1024K, 45 young (46080K), 6 survivors (6144K)
 Metaspace       used 58024K, capacity 58578K, committed 58752K, reserved 1101824K
  class space    used 6686K, capacity 6935K, committed 7040K, reserved 1048576K
}
Event: 14.117 GC heap after
{Heap after GC invocations=10 (full 0):
 garbage-first heap   total 131072K, used 54221K [0x0000000081e00000, 0x0000000100000000)
  region size 1024K, 5 young (5120K), 5 survivors (5120K)
 Metaspace       used 58024K, capacity 58578K, committed 58752K, reserved 1101824K
  class space    used 6686K, capacity 6935K, committed 7040K, reserved 1048576K
}
Event: 14.871 GC heap before
{Heap before GC invocations=10 (full 0):
 garbage-first heap   total 131072K, used 85965K [0x0000000081e00000, 0x0000000100000000)
  region size 1024K, 37 young (37888K), 5 survivors (5120K)
 Metaspace       used 59455K, capacity 60072K, committed 60160K, reserved 1101824K
  class space    used 6817K, capacity 7107K, committed 7168K, reserved 1048576K
}
Event: 14.885 GC heap after
{Heap after GC invocations=11 (full 0):
 garbage-first heap   total 131072K, used 60201K [0x0000000081e00000, 0x0000000100000000)
  region size 1024K, 6 young (6144K), 6 survivors (6144K)
 Metaspace       used 59455K, capacity 60072K, committed 60160K, reserved 1101824K
  class space    used 6817K, capacity 7107K, committed 7168K, reserved 1048576K
}

